<?xml version="1.0" encoding="UTF-8"?>
<testng-results ignored="0" total="4" passed="4" failed="0" skipped="0">
  <reporter-output>
  </reporter-output>
  <suite started-at="2023-06-13T07:18:40 EDT" name="PetSuite" finished-at="2023-06-13T07:18:44 EDT" duration-ms="3706">
    <groups>
    </groups>
    <test started-at="2023-06-13T07:18:40 EDT" name="PetTest" finished-at="2023-06-13T07:18:44 EDT" duration-ms="3706">
      <class name="api.test.UserTests">
        <test-method is-config="true" signature="setup()[pri:0, instance:api.test.UserTests@41e36e46]" started-at="2023-06-13T07:18:41 EDT" name="setup" finished-at="2023-06-13T07:18:41 EDT" duration-ms="650" status="PASS">
          <reporter-output>
          </reporter-output>
        </test-method> <!-- setup -->
        <test-method signature="testPostUser()[pri:1, instance:api.test.UserTests@41e36e46]" started-at="2023-06-13T07:18:41 EDT" name="testPostUser" finished-at="2023-06-13T07:18:43 EDT" duration-ms="2248" status="PASS">
          <reporter-output>
          </reporter-output>
        </test-method> <!-- testPostUser -->
        <test-method signature="testGetUser()[pri:2, instance:api.test.UserTests@41e36e46]" started-at="2023-06-13T07:18:43 EDT" name="testGetUser" finished-at="2023-06-13T07:18:44 EDT" duration-ms="158" status="PASS">
          <reporter-output>
          </reporter-output>
        </test-method> <!-- testGetUser -->
        <test-method signature="testUpdateUser()[pri:3, instance:api.test.UserTests@41e36e46]" started-at="2023-06-13T07:18:44 EDT" name="testUpdateUser" finished-at="2023-06-13T07:18:44 EDT" duration-ms="209" status="PASS">
          <reporter-output>
          </reporter-output>
        </test-method> <!-- testUpdateUser -->
        <test-method signature="testDeleteUser()[pri:4, instance:api.test.UserTests@41e36e46]" started-at="2023-06-13T07:18:44 EDT" name="testDeleteUser" finished-at="2023-06-13T07:18:44 EDT" duration-ms="90" status="PASS">
          <reporter-output>
          </reporter-output>
        </test-method> <!-- testDeleteUser -->
      </class> <!-- api.test.UserTests -->
    </test> <!-- PetTest -->
  </suite> <!-- PetSuite -->
</testng-results>
