<?xml version="1.0" encoding="UTF-8"?>
<testng-results ignored="0" total="4" passed="4" failed="0" skipped="0">
  <reporter-output>
  </reporter-output>
  <suite started-at="2023-06-12T21:08:11 EDT" name="PetSuite" finished-at="2023-06-12T21:08:14 EDT" duration-ms="3608">
    <groups>
    </groups>
    <test started-at="2023-06-12T21:08:11 EDT" name="PetTest" finished-at="2023-06-12T21:08:14 EDT" duration-ms="3608">
      <class name="api.test.UserTests">
        <test-method is-config="true" signature="setup()[pri:0, instance:api.test.UserTests@79e2c065]" started-at="2023-06-12T21:08:11 EDT" name="setup" finished-at="2023-06-12T21:08:12 EDT" duration-ms="740" status="PASS">
          <reporter-output>
          </reporter-output>
        </test-method> <!-- setup -->
        <test-method signature="testPostUser()[pri:1, instance:api.test.UserTests@79e2c065]" started-at="2023-06-12T21:08:12 EDT" name="testPostUser" finished-at="2023-06-12T21:08:14 EDT" duration-ms="1965" status="PASS">
          <reporter-output>
          </reporter-output>
        </test-method> <!-- testPostUser -->
        <test-method signature="testGetUser()[pri:2, instance:api.test.UserTests@79e2c065]" started-at="2023-06-12T21:08:14 EDT" name="testGetUser" finished-at="2023-06-12T21:08:14 EDT" duration-ms="195" status="PASS">
          <reporter-output>
          </reporter-output>
        </test-method> <!-- testGetUser -->
        <test-method signature="testUpdateUser()[pri:3, instance:api.test.UserTests@79e2c065]" started-at="2023-06-12T21:08:14 EDT" name="testUpdateUser" finished-at="2023-06-12T21:08:14 EDT" duration-ms="230" status="PASS">
          <reporter-output>
          </reporter-output>
        </test-method> <!-- testUpdateUser -->
        <test-method signature="testDeleteUser()[pri:4, instance:api.test.UserTests@79e2c065]" started-at="2023-06-12T21:08:14 EDT" name="testDeleteUser" finished-at="2023-06-12T21:08:14 EDT" duration-ms="77" status="PASS">
          <reporter-output>
          </reporter-output>
        </test-method> <!-- testDeleteUser -->
      </class> <!-- api.test.UserTests -->
    </test> <!-- PetTest -->
  </suite> <!-- PetSuite -->
</testng-results>
