<?xml version="1.0" encoding="UTF-8"?>
<!-- Generated by org.testng.reporters.JUnitXMLReporter -->
<testsuite ignored="0" hostname="DESKTOP-0QFFCOH" failures="0" tests="4" name="PetTest" time="3.706" errors="0" timestamp="2023-06-13T07:18:44 EDT">
  <testcase classname="api.test.UserTests" name="testPostUser" time="2.248"/>
  <testcase classname="api.test.UserTests" name="testGetUser" time="0.158"/>
  <testcase classname="api.test.UserTests" name="testUpdateUser" time="0.209"/>
  <testcase classname="api.test.UserTests" name="testDeleteUser" time="0.09"/>
</testsuite> <!-- PetTest -->
