<?xml version="1.0" encoding="UTF-8"?>
<!-- Generated by org.testng.reporters.JUnitXMLReporter -->
<testsuite ignored="0" hostname="DESKTOP-0QFFCOH" failures="0" tests="4" name="PetTest" time="3.608" errors="0" timestamp="2023-06-12T21:08:15 EDT">
  <testcase classname="api.test.UserTests" name="testPostUser" time="1.965"/>
  <testcase classname="api.test.UserTests" name="testGetUser" time="0.195"/>
  <testcase classname="api.test.UserTests" name="testUpdateUser" time="0.23"/>
  <testcase classname="api.test.UserTests" name="testDeleteUser" time="0.077"/>
</testsuite> <!-- PetTest -->
